# JRE version: Java(TM) SE Runtime Environment 18.9 (11.0.16+11) (build 11.0.16+11-LTS-199)
# Java VM: Java HotSpot(TM) 64-Bit Server VM 18.9 (11.0.16+11-LTS-199, mixed mode, tiered, compressed oops, g1 gc, bsd-aarch64)
Heap:
 garbage-first heap   total 131072K, used 44405K [0x0000000740000000, 0x00000007c0000000)
  region size 1024K, 34 young (34816K), 7 survivors (7168K)
 Metaspace       used 34845K, capacity 35788K, committed 35888K, reserved 1081344K
  class space    used 4010K, capacity 4414K, committed 4480K, reserved 1048576K
GC Heap History (8 events):
Event: 0.617 GC heap before
{Heap before GC invocations=0 (full 0):
 garbage-first heap   total 131072K, used 23552K [0x0000000740000000, 0x00000007c0000000)
  region size 1024K, 24 young (24576K), 0 survivors (0K)
 Metaspace       used 10913K, capacity 11132K, committed 11392K, reserved 1058816K
  class space    used 1051K, capacity 1144K, committed 1152K, reserved 1048576K
}
Event: 0.621 GC heap after
{Heap after GC invocations=1 (full 0):
 garbage-first heap   total 131072K, used 5794K [0x0000000740000000, 0x00000007c0000000)
  region size 1024K, 3 young (3072K), 3 survivors (3072K)
 Metaspace       used 10913K, capacity 11132K, committed 11392K, reserved 1058816K
  class space    used 1051K, capacity 1144K, committed 1152K, reserved 1048576K
}
Event: 1.007 GC heap before
{Heap before GC invocations=1 (full 0):
 garbage-first heap   total 131072K, used 79522K [0x0000000740000000, 0x00000007c0000000)
  region size 1024K, 76 young (77824K), 3 survivors (3072K)
 Metaspace       used 19113K, capacity 19565K, committed 19840K, reserved 1067008K
  class space    used 1936K, capacity 2116K, committed 2176K, reserved 1048576K
}
Event: 1.011 GC heap after
{Heap after GC invocations=2 (full 0):
 garbage-first heap   total 131072K, used 8604K [0x0000000740000000, 0x00000007c0000000)
  region size 1024K, 6 young (6144K), 6 survivors (6144K)
 Metaspace       used 19113K, capacity 19565K, committed 19840K, reserved 1067008K
  class space    used 1936K, capacity 2116K, committed 2176K, reserved 1048576K
}
Event: 1.061 GC heap before
{Heap before GC invocations=2 (full 0):
 garbage-first heap   total 131072K, used 30108K [0x0000000740000000, 0x00000007c0000000)
  region size 1024K, 28 young (28672K), 6 survivors (6144K)
 Metaspace       used 20648K, capacity 21133K, committed 21296K, reserved 1069056K
  class space    used 2142K, capacity 2340K, committed 2432K, reserved 1048576K
}
Event: 1.063 GC heap after
{Heap after GC invocations=3 (full 0):
 garbage-first heap   total 131072K, used 8902K [0x0000000740000000, 0x00000007c0000000)
  region size 1024K, 3 young (3072K), 3 survivors (3072K)
 Metaspace       used 20648K, capacity 21133K, committed 21296K, reserved 1069056K
  class space    used 2142K, capacity 2340K, committed 2432K, reserved 1048576K
}
Event: 1.440 GC heap before
{Heap before GC invocations=4 (full 0):
 garbage-first heap   total 131072K, used 71366K [0x0000000740000000, 0x00000007c0000000)
  region size 1024K, 64 young (65536K), 3 survivors (3072K)
 Metaspace       used 30960K, capacity 31859K, committed 32048K, reserved 1077248K
  class space    used 3499K, capacity 3868K, committed 3968K, reserved 1048576K
}
Event: 1.443 GC heap after
{Heap after GC invocations=5 (full 0):
 garbage-first heap   total 131072K, used 12661K [0x0000000740000000, 0x00000007c0000000)
  region size 1024K, 7 young (7168K), 7 survivors (7168K)
 Metaspace       used 30960K, capacity 31859K, committed 32048K, reserved 1077248K
  class space    used 3499K, capacity 3868K, committed 3968K, reserved 1048576K
}

